<?xml version="1.0" encoding="UTF-8"?>
<!-- DO NOT EDIT; generated by Broadband Forum report.pl.
     report.pl -include=cwmp -nowarnreport -canonical -quiet -report=xml -outfile=test-full.xml test.xml
     See https://github.com/BroadbandForum/cwmp-xml-tools/tree/master/Report_Tool. -->

<dm:document xmlns:dm="urn:broadband-forum-org:cwmp:datamodel-1-7"
             xmlns:dmr="urn:broadband-forum-org:cwmp:datamodel-report-0-1"
             xmlns:xsi="http://www.w3.org/2001/XMLSchema-instance"
             xsi:schemaLocation="urn:broadband-forum-org:cwmp:datamodel-1-7 https://www.broadband-forum.org/cwmp/cwmp-datamodel-1-7.xsd urn:broadband-forum-org:cwmp:datamodel-report-0-1 https://www.broadband-forum.org/cwmp/cwmp-datamodel-report.xsd"
             spec="urn:example-com:test" file="test-full.xml">
  <dataType name="Ordinary">
    <description>
      This is an ordinary data type.
    </description>
    <unsignedInt>
    </unsignedInt>
  </dataType>
  <dataType name="ULDescription">
    <description>
      * This is a list item.
      * This is another.
      Named data type whose description begins with an itemized list.
    </description>
    <unsignedInt>
    </unsignedInt>
  </dataType>
  <dataType name="OLDescription">
    <description>
      # This is a list item.
      # This is another.
      Named data type whose description begins with a numbered list.
    </description>
    <unsignedInt>
    </unsignedInt>
  </dataType>
  <dataType name="CodeDescription">
    <description>
       print("Hello")
      Named data type whose description begins with code.
    </description>
    <unsignedInt>
    </unsignedInt>
  </dataType>
  <bibliography>
    <reference id="SOAP1.1">
      <name>Simple Object Access Protocol (SOAP) 1.1</name>
      <organization>W3C</organization>
      <hyperlink>https://www.w3.org/TR/2000/NOTE-SOAP-20000508</hyperlink>
    </reference>
    <reference id="TR-106a8">
      <name>TR-106 Amendment 8</name>
      <title>Data Model Template for CWMP Endpoints and USP Agents</title>
      <organization>Broadband Forum</organization>
      <category>Technical Report</category>
      <date>May 2018</date>
      <hyperlink>https://www.broadband-forum.org/technical/download/TR-106_Amendment-8.pdf</hyperlink>
    </reference>
  </bibliography>
  <model name="Test:1.0">
    <parameter name="Aaron" access="readOnly" version="1.0">
      <description>
        {{datatype|expand}}
      </description>
      <syntax>
        <dataType ref="Ordinary"/>
      </syntax>
    </parameter>
    <parameter name="Arthur" access="readOnly" version="1.0">
      <description>
        This is an example parameter with an expanded data type. {{datatype|expand}}
      </description>
      <syntax>
        <dataType ref="Ordinary"/>
      </syntax>
    </parameter>
    <parameter name="Barry" access="readOnly" version="1.0">
      <description>
        This is an example parameter with an explicit data type reference {{datatype}} and an expanded data type. {{datatype|expand}}
      </description>
      <syntax>
        <dataType ref="Ordinary"/>
      </syntax>
    </parameter>
    <parameter name="Fred" access="readOnly" version="1.0">
      <description>
        This is an example parameter also with an explicit data type reference {{datatype}} and an expanded data type. {{datatype|expand}}
      </description>
      <syntax>
        <dataType ref="ULDescription"/>
      </syntax>
    </parameter>
    <parameter name="Joe" access="readOnly" version="1.0">
      <description>
        This is an example parameter with an expanded data type. {{datatype|expand}}
      </description>
      <syntax>
        <dataType ref="OLDescription"/>
      </syntax>
    </parameter>
    <parameter name="Bert" access="readOnly" version="1.0">
      <description>
        This is an example parameter with an expanded data type. {{datatype|expand}}
      </description>
      <syntax>
        <dataType ref="CodeDescription"/>
      </syntax>
    </parameter>
  </model>
</dm:document>
