<?xml version="1.0" encoding="UTF-8"?>
<!-- DO NOT EDIT; generated by Broadband Forum report.pl.
     report.pl -include=cwmp -nowarnreport -canonical -quiet -report=xml -outfile=test-full.xml test.xml
     See https://github.com/BroadbandForum/cwmp-xml-tools/tree/master/Report_Tool. -->

<dm:document xmlns:dm="urn:broadband-forum-org:cwmp:datamodel-1-7"
             xmlns:dmr="urn:broadband-forum-org:cwmp:datamodel-report-0-1"
             xmlns:xsi="http://www.w3.org/2001/XMLSchema-instance"
             xsi:schemaLocation="urn:broadband-forum-org:cwmp:datamodel-1-7 https://www.broadband-forum.org/cwmp/cwmp-datamodel-1-7.xsd urn:broadband-forum-org:cwmp:datamodel-report-0-1 https://www.broadband-forum.org/cwmp/cwmp-datamodel-report.xsd"
             spec="urn:example-com:enable" file="test-full.xml">
  <dataType name="MyDataType">
    <description>
      This is my data type, which references {{object}}, {{param}} and {{param|OtherParam}}.
    </description>
    <unsignedInt>
    </unsignedInt>
  </dataType>
  <bibliography>
    <reference id="SOAP1.1">
      <name>Simple Object Access Protocol (SOAP) 1.1</name>
      <organization>W3C</organization>
      <hyperlink>https://www.w3.org/TR/2000/NOTE-SOAP-20000508</hyperlink>
    </reference>
    <reference id="TR-106a8">
      <name>TR-106 Amendment 8</name>
      <title>Data Model Template for CWMP Endpoints and USP Agents</title>
      <organization>Broadband Forum</organization>
      <category>Technical Report</category>
      <date>May 2018</date>
      <hyperlink>https://www.broadband-forum.org/technical/download/TR-106_Amendment-8.pdf</hyperlink>
    </reference>
  </bibliography>
  <model name="Test:1.0">
    <object name="MyObject." access="readOnly" minEntries="1" maxEntries="1" version="1.0">
      <description>
        This is a reference to {{param|MyParam}}.
      </description>
      <parameter name="MyParam" access="readOnly" version="1.0">
        <description>
          This is my parameter. Here's its expanded data type:
          {{datatype|expand}}
        </description>
        <syntax>
          <dataType ref="MyDataType"/>
        </syntax>
      </parameter>
      <parameter name="OtherParam" access="readOnly" version="1.0">
        <description>
          This is another parameter.
        </description>
        <syntax>
          <dataType ref="MyDataType"/>
        </syntax>
      </parameter>
    </object>
  </model>
</dm:document>
